<?xml version="1.0" encoding="UTF-8"?>
<!-- Generated by org.testng.reporters.JUnitReportReporter -->
<testsuite hostname="LAPTOP-0MIP3R60" failures="0" tests="2" name="TestLayer.PimPageTest" time="0.000" errors="0" timestamp="2022-08-15T14:11:39 IST" skipped="2">
  <testcase classname="TestLayer.PimPageTest" name="validatePIMPageUrl" time="0.000">
    <skipped/>
  </testcase> <!-- validatePIMPageUrl -->
  <system-out/>
  <testcase classname="TestLayer.PimPageTest" name="validateaddemployee" time="0.000">
    <skipped/>
  </testcase> <!-- validateaddemployee -->
  <system-out/>
</testsuite> <!-- TestLayer.PimPageTest -->
