<?xml version="1.0" encoding="UTF-8"?>
<!-- Generated by org.testng.reporters.JUnitReportReporter -->
<testsuite hostname="LAPTOP-0MIP3R60" failures="0" tests="8" name="TestLayer.Guru99Test" time="23.988" errors="0" timestamp="17 Aug 2022 06:47:40 GMT" skipped="0">
  <testcase classname="TestLayer.Guru99Test" name="sendValueIncontactInformation" time="1.679"/>
  <testcase classname="TestLayer.Guru99Test" name="sendValueInmailingInformation" time="0.602"/>
  <testcase classname="TestLayer.Guru99Test" name="selectCountryfromDropDown" time="0.307"/>
  <testcase classname="TestLayer.Guru99Test" name="validatecapturevalue" time="2.349"/>
  <testcase classname="TestLayer.Guru99Test" name="countsize" time="0.134"/>
  <testcase classname="TestLayer.Guru99Test" name="captureAllDropvalue" time="0.171"/>
  <testcase classname="TestLayer.Guru99Test" name="sendvalueuserInformation" time="17.872"/>
  <testcase classname="TestLayer.Guru99Test" name="capturescreenshot" time="0.874"/>
</testsuite> <!-- TestLayer.Guru99Test -->
