<?xml version="1.0" encoding="UTF-8"?>
<!-- Generated by org.testng.reporters.JUnitReportReporter -->
<testsuite hostname="LAPTOP-0MIP3R60" failures="0" tests="4" name="TestLayer.HomePageTest" time="0.001" errors="0" timestamp="2022-08-15T14:11:39 IST" skipped="4">
  <testcase classname="TestLayer.HomePageTest" name="validateHomePageLogo" time="0.000">
    <skipped/>
  </testcase> <!-- validateHomePageLogo -->
  <system-out/>
  <testcase classname="TestLayer.HomePageTest" name="validateHomePageUrl" time="0.001">
    <skipped/>
  </testcase> <!-- validateHomePageUrl -->
  <system-out/>
  <testcase classname="TestLayer.HomePageTest" name="validategetHomePageTitle" time="0.000">
    <skipped/>
  </testcase> <!-- validategetHomePageTitle -->
  <system-out/>
  <testcase classname="TestLayer.HomePageTest" name="validateclickonPImLink" time="0.000">
    <skipped/>
  </testcase> <!-- validateclickonPImLink -->
  <system-out/>
</testsuite> <!-- TestLayer.HomePageTest -->
